[Sat Jan 23 02:29:22.486883 2016] [ssl:warn] [pid 8540:tid 540] AH01909: www.example.com:4433:0 server certificate does NOT include an ID which matches the server name
[Sat Jan 23 02:29:22.593171 2016] [ssl:warn] [pid 8540:tid 540] AH01909: www.example.com:4433:0 server certificate does NOT include an ID which matches the server name
[Sat Jan 23 02:29:22.617710 2016] [mpm_winnt:notice] [pid 8540:tid 540] AH00455: Apache/2.4.17 (Win32) OpenSSL/1.0.2d PHP/5.6.15 configured -- resuming normal operations
[Sat Jan 23 02:29:22.617710 2016] [mpm_winnt:notice] [pid 8540:tid 540] AH00456: Apache Lounge VC11 Server built: Oct 13 2015 10:54:13
[Sat Jan 23 02:29:22.617710 2016] [core:notice] [pid 8540:tid 540] AH00094: Command line: 'd:\\users\\conor\\desktop\\coplex\\2d\\end_2015_summer\\apache\\bin\\httpd.exe -d D:/Users/conor/Desktop/coplex/2d/end_2015_summer/apache'
[Sat Jan 23 02:29:22.620713 2016] [mpm_winnt:notice] [pid 8540:tid 540] AH00418: Parent: Created child process 928
[Sat Jan 23 02:29:22.946096 2016] [ssl:warn] [pid 928:tid 176] AH01909: www.example.com:4433:0 server certificate does NOT include an ID which matches the server name
[Sat Jan 23 02:29:23.020375 2016] [ssl:warn] [pid 928:tid 176] AH01909: www.example.com:4433:0 server certificate does NOT include an ID which matches the server name
[Sat Jan 23 02:29:23.042091 2016] [mpm_winnt:notice] [pid 928:tid 176] AH00354: Child: Starting 150 worker threads.
[Sat Jan 23 02:31:11.417583 2016] [ssl:warn] [pid 10012:tid 536] AH01909: www.example.com:4433:0 server certificate does NOT include an ID which matches the server name
[Sat Jan 23 02:31:11.467154 2016] [core:warn] [pid 10012:tid 536] AH00098: pid file D:/Users/conor/Desktop/coplex/2d/end_2015_summer/apache/logs/httpd.pid overwritten -- Unclean shutdown of previous Apache run?
[Sat Jan 23 02:31:11.521240 2016] [ssl:warn] [pid 10012:tid 536] AH01909: www.example.com:4433:0 server certificate does NOT include an ID which matches the server name
[Sat Jan 23 02:31:11.542774 2016] [mpm_winnt:notice] [pid 10012:tid 536] AH00455: Apache/2.4.17 (Win32) OpenSSL/1.0.2d PHP/5.6.15 configured -- resuming normal operations
[Sat Jan 23 02:31:11.542774 2016] [mpm_winnt:notice] [pid 10012:tid 536] AH00456: Apache Lounge VC11 Server built: Oct 13 2015 10:54:13
[Sat Jan 23 02:31:11.542774 2016] [core:notice] [pid 10012:tid 536] AH00094: Command line: 'd:\\users\\conor\\desktop\\coplex\\2d\\end_2015_summer\\apache\\bin\\httpd.exe -d D:/Users/conor/Desktop/coplex/2d/end_2015_summer/apache'
[Sat Jan 23 02:31:11.545666 2016] [mpm_winnt:notice] [pid 10012:tid 536] AH00418: Parent: Created child process 4924
[Sat Jan 23 02:31:11.851671 2016] [ssl:warn] [pid 4924:tid 552] AH01909: www.example.com:4433:0 server certificate does NOT include an ID which matches the server name
[Sat Jan 23 02:31:11.932702 2016] [ssl:warn] [pid 4924:tid 552] AH01909: www.example.com:4433:0 server certificate does NOT include an ID which matches the server name
[Sat Jan 23 02:31:11.954732 2016] [mpm_winnt:notice] [pid 4924:tid 552] AH00354: Child: Starting 150 worker threads.
[Sat Jan 23 02:34:10.003820 2016] [ssl:warn] [pid 5240:tid 540] AH01909: www.example.com:4433:0 server certificate does NOT include an ID which matches the server name
[Sat Jan 23 02:34:10.051865 2016] [core:warn] [pid 5240:tid 540] AH00098: pid file D:/Users/conor/Desktop/coplex/2d/end_2015_summer/apache/logs/httpd.pid overwritten -- Unclean shutdown of previous Apache run?
[Sat Jan 23 02:34:10.104242 2016] [ssl:warn] [pid 5240:tid 540] AH01909: www.example.com:4433:0 server certificate does NOT include an ID which matches the server name
[Sat Jan 23 02:34:10.124200 2016] [mpm_winnt:notice] [pid 5240:tid 540] AH00455: Apache/2.4.17 (Win32) OpenSSL/1.0.2d PHP/5.6.15 configured -- resuming normal operations
[Sat Jan 23 02:34:10.125665 2016] [mpm_winnt:notice] [pid 5240:tid 540] AH00456: Apache Lounge VC11 Server built: Oct 13 2015 10:54:13
[Sat Jan 23 02:34:10.125665 2016] [core:notice] [pid 5240:tid 540] AH00094: Command line: 'd:\\users\\conor\\desktop\\coplex\\2d\\end_2015_summer\\apache\\bin\\httpd.exe -d D:/Users/conor/Desktop/coplex/2d/end_2015_summer/apache'
[Sat Jan 23 02:34:10.128185 2016] [mpm_winnt:notice] [pid 5240:tid 540] AH00418: Parent: Created child process 5644
[Sat Jan 23 02:34:10.424553 2016] [ssl:warn] [pid 5644:tid 552] AH01909: www.example.com:4433:0 server certificate does NOT include an ID which matches the server name
[Sat Jan 23 02:34:10.508711 2016] [ssl:warn] [pid 5644:tid 552] AH01909: www.example.com:4433:0 server certificate does NOT include an ID which matches the server name
[Sat Jan 23 02:34:10.531260 2016] [mpm_winnt:notice] [pid 5644:tid 552] AH00354: Child: Starting 150 worker threads.
[Sat Jan 23 02:35:40.659797 2016] [ssl:warn] [pid 5288:tid 548] AH01909: www.example.com:4433:0 server certificate does NOT include an ID which matches the server name
[Sat Jan 23 02:35:40.690707 2016] [core:warn] [pid 5288:tid 548] AH00098: pid file D:/Users/conor/Desktop/coplex/2d/end_2015_summer/apache/logs/httpd.pid overwritten -- Unclean shutdown of previous Apache run?
[Sat Jan 23 02:35:40.762352 2016] [ssl:warn] [pid 5288:tid 548] AH01909: www.example.com:4433:0 server certificate does NOT include an ID which matches the server name
[Sat Jan 23 02:35:40.784783 2016] [mpm_winnt:notice] [pid 5288:tid 548] AH00455: Apache/2.4.17 (Win32) OpenSSL/1.0.2d PHP/5.6.15 configured -- resuming normal operations
[Sat Jan 23 02:35:40.784783 2016] [mpm_winnt:notice] [pid 5288:tid 548] AH00456: Apache Lounge VC11 Server built: Oct 13 2015 10:54:13
[Sat Jan 23 02:35:40.784783 2016] [core:notice] [pid 5288:tid 548] AH00094: Command line: 'd:\\users\\conor\\desktop\\coplex\\2d\\end_2015_summer\\apache\\bin\\httpd.exe -d D:/Users/conor/Desktop/coplex/2d/end_2015_summer/apache'
[Sat Jan 23 02:35:40.787773 2016] [mpm_winnt:notice] [pid 5288:tid 548] AH00418: Parent: Created child process 10184
[Sat Jan 23 02:35:41.084410 2016] [ssl:warn] [pid 10184:tid 204] AH01909: www.example.com:4433:0 server certificate does NOT include an ID which matches the server name
[Sat Jan 23 02:35:41.168732 2016] [ssl:warn] [pid 10184:tid 204] AH01909: www.example.com:4433:0 server certificate does NOT include an ID which matches the server name
[Sat Jan 23 02:35:41.191710 2016] [mpm_winnt:notice] [pid 10184:tid 204] AH00354: Child: Starting 150 worker threads.
[Sat Jan 23 12:30:17.709527 2016] [ssl:warn] [pid 10288:tid 188] AH01909: www.example.com:4433:0 server certificate does NOT include an ID which matches the server name
[Sat Jan 23 12:30:17.765679 2016] [core:warn] [pid 10288:tid 188] AH00098: pid file D:/Users/conor/Desktop/coplex/2d/end_2015_summer/apache/logs/httpd.pid overwritten -- Unclean shutdown of previous Apache run?
[Sat Jan 23 12:30:17.871252 2016] [ssl:warn] [pid 10288:tid 188] AH01909: www.example.com:4433:0 server certificate does NOT include an ID which matches the server name
[Sat Jan 23 12:30:18.144365 2016] [mpm_winnt:notice] [pid 10288:tid 188] AH00455: Apache/2.4.17 (Win32) OpenSSL/1.0.2d PHP/5.6.15 configured -- resuming normal operations
[Sat Jan 23 12:30:18.144365 2016] [mpm_winnt:notice] [pid 10288:tid 188] AH00456: Apache Lounge VC11 Server built: Oct 13 2015 10:54:13
[Sat Jan 23 12:30:18.144365 2016] [core:notice] [pid 10288:tid 188] AH00094: Command line: 'd:\\users\\conor\\desktop\\coplex\\2d\\end_2015_summer\\apache\\bin\\httpd.exe -d D:/Users/conor/Desktop/coplex/2d/end_2015_summer/apache'
[Sat Jan 23 12:30:18.147365 2016] [mpm_winnt:notice] [pid 10288:tid 188] AH00418: Parent: Created child process 11076
[Sat Jan 23 12:30:18.445189 2016] [ssl:warn] [pid 11076:tid 568] AH01909: www.example.com:4433:0 server certificate does NOT include an ID which matches the server name
[Sat Jan 23 12:30:18.520249 2016] [ssl:warn] [pid 11076:tid 568] AH01909: www.example.com:4433:0 server certificate does NOT include an ID which matches the server name
[Sat Jan 23 12:30:18.542079 2016] [mpm_winnt:notice] [pid 11076:tid 568] AH00354: Child: Starting 150 worker threads.
[Sat Jan 23 14:06:14.550425 2016] [ssl:warn] [pid 9888:tid 504] AH01909: www.example.com:4433:0 server certificate does NOT include an ID which matches the server name
[Sat Jan 23 14:06:14.593330 2016] [core:warn] [pid 9888:tid 504] AH00098: pid file D:/Users/conor/Desktop/coplex/2d/end_2015_summer/apache/logs/httpd.pid overwritten -- Unclean shutdown of previous Apache run?
[Sat Jan 23 14:06:14.671824 2016] [ssl:warn] [pid 9888:tid 504] AH01909: www.example.com:4433:0 server certificate does NOT include an ID which matches the server name
[Sat Jan 23 14:06:14.692571 2016] [mpm_winnt:notice] [pid 9888:tid 504] AH00455: Apache/2.4.17 (Win32) OpenSSL/1.0.2d PHP/5.6.15 configured -- resuming normal operations
[Sat Jan 23 14:06:14.692571 2016] [mpm_winnt:notice] [pid 9888:tid 504] AH00456: Apache Lounge VC11 Server built: Oct 13 2015 10:54:13
[Sat Jan 23 14:06:14.692571 2016] [core:notice] [pid 9888:tid 504] AH00094: Command line: 'd:\\users\\conor\\desktop\\coplex\\2d\\end_2015_summer\\apache\\bin\\httpd.exe -d D:/Users/conor/Desktop/coplex/2d/end_2015_summer/apache'
[Sat Jan 23 14:06:14.693580 2016] [mpm_winnt:notice] [pid 9888:tid 504] AH00418: Parent: Created child process 636
[Sat Jan 23 14:06:14.965429 2016] [ssl:warn] [pid 636:tid 552] AH01909: www.example.com:4433:0 server certificate does NOT include an ID which matches the server name
[Sat Jan 23 14:06:15.045551 2016] [ssl:warn] [pid 636:tid 552] AH01909: www.example.com:4433:0 server certificate does NOT include an ID which matches the server name
[Sat Jan 23 14:06:15.066931 2016] [mpm_winnt:notice] [pid 636:tid 552] AH00354: Child: Starting 150 worker threads.
[Sat Jan 23 14:09:25.899553 2016] [ssl:warn] [pid 13780:tid 516] AH01909: www.example.com:4433:0 server certificate does NOT include an ID which matches the server name
[Sat Jan 23 14:09:25.941736 2016] [core:warn] [pid 13780:tid 516] AH00098: pid file D:/Users/conor/Desktop/coplex/2d/end_2015_summer/apache/logs/httpd.pid overwritten -- Unclean shutdown of previous Apache run?
[Sat Jan 23 14:09:26.011032 2016] [ssl:warn] [pid 13780:tid 516] AH01909: www.example.com:4433:0 server certificate does NOT include an ID which matches the server name
[Sat Jan 23 14:09:26.032509 2016] [mpm_winnt:notice] [pid 13780:tid 516] AH00455: Apache/2.4.17 (Win32) OpenSSL/1.0.2d PHP/5.6.15 configured -- resuming normal operations
[Sat Jan 23 14:09:26.032509 2016] [mpm_winnt:notice] [pid 13780:tid 516] AH00456: Apache Lounge VC11 Server built: Oct 13 2015 10:54:13
[Sat Jan 23 14:09:26.032509 2016] [core:notice] [pid 13780:tid 516] AH00094: Command line: 'd:\\users\\conor\\desktop\\coplex\\2d\\end_2015_summer\\apache\\bin\\httpd.exe -d D:/Users/conor/Desktop/coplex/2d/end_2015_summer/apache'
[Sat Jan 23 14:09:26.033509 2016] [mpm_winnt:notice] [pid 13780:tid 516] AH00418: Parent: Created child process 13748
[Sat Jan 23 14:09:26.313306 2016] [ssl:warn] [pid 13748:tid 548] AH01909: www.example.com:4433:0 server certificate does NOT include an ID which matches the server name
[Sat Jan 23 14:09:26.402302 2016] [ssl:warn] [pid 13748:tid 548] AH01909: www.example.com:4433:0 server certificate does NOT include an ID which matches the server name
[Sat Jan 23 14:09:26.423349 2016] [mpm_winnt:notice] [pid 13748:tid 548] AH00354: Child: Starting 150 worker threads.
[Sat Jan 23 14:09:39.911931 2016] [ssl:warn] [pid 13472:tid 516] AH01909: www.example.com:4433:0 server certificate does NOT include an ID which matches the server name
[Sat Jan 23 14:09:39.957698 2016] [core:warn] [pid 13472:tid 516] AH00098: pid file D:/Users/conor/Desktop/coplex/2d/end_2015_summer/apache/logs/httpd.pid overwritten -- Unclean shutdown of previous Apache run?
[Sat Jan 23 14:09:40.011496 2016] [ssl:warn] [pid 13472:tid 516] AH01909: www.example.com:4433:0 server certificate does NOT include an ID which matches the server name
[Sat Jan 23 14:09:40.033462 2016] [mpm_winnt:notice] [pid 13472:tid 516] AH00455: Apache/2.4.17 (Win32) OpenSSL/1.0.2d PHP/5.6.15 configured -- resuming normal operations
[Sat Jan 23 14:09:40.033462 2016] [mpm_winnt:notice] [pid 13472:tid 516] AH00456: Apache Lounge VC11 Server built: Oct 13 2015 10:54:13
[Sat Jan 23 14:09:40.033462 2016] [core:notice] [pid 13472:tid 516] AH00094: Command line: 'd:\\users\\conor\\desktop\\coplex\\2d\\end_2015_summer\\apache\\bin\\httpd.exe -d D:/Users/conor/Desktop/coplex/2d/end_2015_summer/apache'
[Sat Jan 23 14:09:40.035404 2016] [mpm_winnt:notice] [pid 13472:tid 516] AH00418: Parent: Created child process 13548
[Sat Jan 23 14:09:40.303407 2016] [ssl:warn] [pid 13548:tid 576] AH01909: www.example.com:4433:0 server certificate does NOT include an ID which matches the server name
[Sat Jan 23 14:09:40.394856 2016] [ssl:warn] [pid 13548:tid 576] AH01909: www.example.com:4433:0 server certificate does NOT include an ID which matches the server name
[Sat Jan 23 14:09:40.416617 2016] [mpm_winnt:notice] [pid 13548:tid 576] AH00354: Child: Starting 150 worker threads.
[Sat Jan 23 14:20:29.257128 2016] [ssl:warn] [pid 11596:tid 540] AH01909: www.example.com:4433:0 server certificate does NOT include an ID which matches the server name
[Sat Jan 23 14:20:29.307145 2016] [core:warn] [pid 11596:tid 540] AH00098: pid file D:/Users/conor/Desktop/coplex/2d/end_2015_summer/apache/logs/httpd.pid overwritten -- Unclean shutdown of previous Apache run?
[Sat Jan 23 14:20:29.381785 2016] [ssl:warn] [pid 11596:tid 540] AH01909: www.example.com:4433:0 server certificate does NOT include an ID which matches the server name
[Sat Jan 23 14:20:29.405822 2016] [mpm_winnt:notice] [pid 11596:tid 540] AH00455: Apache/2.4.17 (Win32) OpenSSL/1.0.2d PHP/5.6.15 configured -- resuming normal operations
[Sat Jan 23 14:20:29.405822 2016] [mpm_winnt:notice] [pid 11596:tid 540] AH00456: Apache Lounge VC11 Server built: Oct 13 2015 10:54:13
[Sat Jan 23 14:20:29.405822 2016] [core:notice] [pid 11596:tid 540] AH00094: Command line: 'd:\\users\\conor\\desktop\\temp\\testing\\apache\\bin\\httpd.exe -d D:/Users/conor/Desktop/temp/testing/apache'
[Sat Jan 23 14:20:29.409836 2016] [mpm_winnt:notice] [pid 11596:tid 540] AH00418: Parent: Created child process 12724
[Sat Jan 23 14:20:29.728492 2016] [ssl:warn] [pid 12724:tid 504] AH01909: www.example.com:4433:0 server certificate does NOT include an ID which matches the server name
[Sat Jan 23 14:20:29.828236 2016] [ssl:warn] [pid 12724:tid 504] AH01909: www.example.com:4433:0 server certificate does NOT include an ID which matches the server name
[Sat Jan 23 14:20:29.852185 2016] [mpm_winnt:notice] [pid 12724:tid 504] AH00354: Child: Starting 150 worker threads.
[Sat Jan 23 14:21:05.227811 2016] [ssl:warn] [pid 8448:tid 564] AH01909: www.example.com:4433:0 server certificate does NOT include an ID which matches the server name
[Sat Jan 23 14:21:05.272870 2016] [core:warn] [pid 8448:tid 564] AH00098: pid file D:/Users/conor/Desktop/coplex/2d/end_2015_summer/apache/logs/httpd.pid overwritten -- Unclean shutdown of previous Apache run?
[Sat Jan 23 14:21:05.329624 2016] [ssl:warn] [pid 8448:tid 564] AH01909: www.example.com:4433:0 server certificate does NOT include an ID which matches the server name
[Sat Jan 23 14:21:05.353661 2016] [mpm_winnt:notice] [pid 8448:tid 564] AH00455: Apache/2.4.17 (Win32) OpenSSL/1.0.2d PHP/5.6.15 configured -- resuming normal operations
[Sat Jan 23 14:21:05.353661 2016] [mpm_winnt:notice] [pid 8448:tid 564] AH00456: Apache Lounge VC11 Server built: Oct 13 2015 10:54:13
[Sat Jan 23 14:21:05.353661 2016] [core:notice] [pid 8448:tid 564] AH00094: Command line: 'd:\\users\\conor\\desktop\\temp\\testing\\apache\\bin\\httpd.exe -d D:/Users/conor/Desktop/temp/testing/apache'
[Sat Jan 23 14:21:05.356667 2016] [mpm_winnt:notice] [pid 8448:tid 564] AH00418: Parent: Created child process 6680
[Sat Jan 23 14:21:05.702786 2016] [ssl:warn] [pid 6680:tid 588] AH01909: www.example.com:4433:0 server certificate does NOT include an ID which matches the server name
[Sat Jan 23 14:21:05.792404 2016] [ssl:warn] [pid 6680:tid 588] AH01909: www.example.com:4433:0 server certificate does NOT include an ID which matches the server name
[Sat Jan 23 14:21:05.815640 2016] [mpm_winnt:notice] [pid 6680:tid 588] AH00354: Child: Starting 150 worker threads.
[Sat Jan 23 14:22:09.513202 2016] [ssl:warn] [pid 6772:tid 548] AH01909: www.example.com:4433:0 server certificate does NOT include an ID which matches the server name
[Sat Jan 23 14:22:09.562783 2016] [core:warn] [pid 6772:tid 548] AH00098: pid file D:/Users/conor/Desktop/coplex/2d/end_2015_summer/apache/logs/httpd.pid overwritten -- Unclean shutdown of previous Apache run?
[Sat Jan 23 14:22:09.616620 2016] [ssl:warn] [pid 6772:tid 548] AH01909: www.example.com:4433:0 server certificate does NOT include an ID which matches the server name
[Sat Jan 23 14:22:09.638146 2016] [mpm_winnt:notice] [pid 6772:tid 548] AH00455: Apache/2.4.17 (Win32) OpenSSL/1.0.2d PHP/5.6.15 configured -- resuming normal operations
[Sat Jan 23 14:22:09.638146 2016] [mpm_winnt:notice] [pid 6772:tid 548] AH00456: Apache Lounge VC11 Server built: Oct 13 2015 10:54:13
[Sat Jan 23 14:22:09.638146 2016] [core:notice] [pid 6772:tid 548] AH00094: Command line: 'd:\\users\\conor\\desktop\\temp\\testing\\apache\\bin\\httpd.exe -d D:/Users/conor/Desktop/temp/testing/apache'
[Sat Jan 23 14:22:09.641392 2016] [mpm_winnt:notice] [pid 6772:tid 548] AH00418: Parent: Created child process 11372
[Sat Jan 23 14:22:09.960787 2016] [ssl:warn] [pid 11372:tid 536] AH01909: www.example.com:4433:0 server certificate does NOT include an ID which matches the server name
[Sat Jan 23 14:22:10.047135 2016] [ssl:warn] [pid 11372:tid 536] AH01909: www.example.com:4433:0 server certificate does NOT include an ID which matches the server name
[Sat Jan 23 14:22:10.070167 2016] [mpm_winnt:notice] [pid 11372:tid 536] AH00354: Child: Starting 150 worker threads.
[Sat Jan 23 14:23:00.621721 2016] [ssl:warn] [pid 5920:tid 516] AH01909: www.example.com:4433:0 server certificate does NOT include an ID which matches the server name
[Sat Jan 23 14:23:00.668473 2016] [core:warn] [pid 5920:tid 516] AH00098: pid file D:/Users/conor/Desktop/coplex/2d/end_2015_summer/apache/logs/httpd.pid overwritten -- Unclean shutdown of previous Apache run?
[Sat Jan 23 14:23:00.724061 2016] [ssl:warn] [pid 5920:tid 516] AH01909: www.example.com:4433:0 server certificate does NOT include an ID which matches the server name
[Sat Jan 23 14:23:00.745594 2016] [mpm_winnt:notice] [pid 5920:tid 516] AH00455: Apache/2.4.17 (Win32) OpenSSL/1.0.2d PHP/5.6.15 configured -- resuming normal operations
[Sat Jan 23 14:23:00.745594 2016] [mpm_winnt:notice] [pid 5920:tid 516] AH00456: Apache Lounge VC11 Server built: Oct 13 2015 10:54:13
[Sat Jan 23 14:23:00.745594 2016] [core:notice] [pid 5920:tid 516] AH00094: Command line: 'd:\\users\\conor\\desktop\\coplex\\2d\\end_2015_summer\\apache\\bin\\httpd.exe -d D:/Users/conor/Desktop/coplex/2d/end_2015_summer/apache'
[Sat Jan 23 14:23:00.747097 2016] [mpm_winnt:notice] [pid 5920:tid 516] AH00418: Parent: Created child process 14088
[Sat Jan 23 14:23:01.011320 2016] [ssl:warn] [pid 14088:tid 568] AH01909: www.example.com:4433:0 server certificate does NOT include an ID which matches the server name
[Sat Jan 23 14:23:01.096401 2016] [ssl:warn] [pid 14088:tid 568] AH01909: www.example.com:4433:0 server certificate does NOT include an ID which matches the server name
[Sat Jan 23 14:23:01.117951 2016] [mpm_winnt:notice] [pid 14088:tid 568] AH00354: Child: Starting 150 worker threads.
[Sat Jan 23 14:24:50.019890 2016] [ssl:warn] [pid 5740:tid 552] AH01909: www.example.com:4433:0 server certificate does NOT include an ID which matches the server name
[Sat Jan 23 14:24:50.081972 2016] [core:warn] [pid 5740:tid 552] AH00098: pid file D:/Users/conor/Desktop/coplex/2d/end_2015_summer/apache/logs/httpd.pid overwritten -- Unclean shutdown of previous Apache run?
[Sat Jan 23 14:24:50.137422 2016] [ssl:warn] [pid 5740:tid 552] AH01909: www.example.com:4433:0 server certificate does NOT include an ID which matches the server name
[Sat Jan 23 14:24:50.159958 2016] [mpm_winnt:notice] [pid 5740:tid 552] AH00455: Apache/2.4.17 (Win32) OpenSSL/1.0.2d PHP/5.6.15 configured -- resuming normal operations
[Sat Jan 23 14:24:50.159958 2016] [mpm_winnt:notice] [pid 5740:tid 552] AH00456: Apache Lounge VC11 Server built: Oct 13 2015 10:54:13
[Sat Jan 23 14:24:50.159958 2016] [core:notice] [pid 5740:tid 552] AH00094: Command line: 'd:\\users\\conor\\desktop\\coplex\\2d\\end_2015_summer\\apache\\bin\\httpd.exe -d D:/Users/conor/Desktop/coplex/2d/end_2015_summer/apache'
[Sat Jan 23 14:24:50.161062 2016] [mpm_winnt:notice] [pid 5740:tid 552] AH00418: Parent: Created child process 12380
[Sat Jan 23 14:24:50.446461 2016] [ssl:warn] [pid 12380:tid 512] AH01909: www.example.com:4433:0 server certificate does NOT include an ID which matches the server name
[Sat Jan 23 14:24:50.539426 2016] [ssl:warn] [pid 12380:tid 512] AH01909: www.example.com:4433:0 server certificate does NOT include an ID which matches the server name
[Sat Jan 23 14:24:50.561962 2016] [mpm_winnt:notice] [pid 12380:tid 512] AH00354: Child: Starting 150 worker threads.
[Sat Jan 23 14:37:03.845778 2016] [ssl:warn] [pid 5496:tid 528] AH01909: www.example.com:4433:0 server certificate does NOT include an ID which matches the server name
[Sat Jan 23 14:37:03.886563 2016] [core:warn] [pid 5496:tid 528] AH00098: pid file D:/Users/conor/Desktop/coplex/2d/end_2015_summer/apache/logs/httpd.pid overwritten -- Unclean shutdown of previous Apache run?
[Sat Jan 23 14:37:03.940578 2016] [ssl:warn] [pid 5496:tid 528] AH01909: www.example.com:4433:0 server certificate does NOT include an ID which matches the server name
[Sat Jan 23 14:37:03.962144 2016] [mpm_winnt:notice] [pid 5496:tid 528] AH00455: Apache/2.4.17 (Win32) OpenSSL/1.0.2d PHP/5.6.15 configured -- resuming normal operations
[Sat Jan 23 14:37:03.962144 2016] [mpm_winnt:notice] [pid 5496:tid 528] AH00456: Apache Lounge VC11 Server built: Oct 13 2015 10:54:13
[Sat Jan 23 14:37:03.962144 2016] [core:notice] [pid 5496:tid 528] AH00094: Command line: 'd:\\users\\conor\\desktop\\coplex\\2d\\end_2015_summer\\apache\\bin\\httpd.exe -d D:/Users/conor/Desktop/coplex/2d/end_2015_summer/apache'
[Sat Jan 23 14:37:03.963141 2016] [mpm_winnt:notice] [pid 5496:tid 528] AH00418: Parent: Created child process 9324
[Sat Jan 23 14:37:04.240526 2016] [ssl:warn] [pid 9324:tid 516] AH01909: www.example.com:4433:0 server certificate does NOT include an ID which matches the server name
[Sat Jan 23 14:37:04.330524 2016] [ssl:warn] [pid 9324:tid 516] AH01909: www.example.com:4433:0 server certificate does NOT include an ID which matches the server name
[Sat Jan 23 14:37:04.353065 2016] [mpm_winnt:notice] [pid 9324:tid 516] AH00354: Child: Starting 150 worker threads.
[Sat Jan 23 14:37:10.887657 2016] [ssl:warn] [pid 4856:tid 516] AH01909: www.example.com:4433:0 server certificate does NOT include an ID which matches the server name
[Sat Jan 23 14:37:10.936539 2016] [core:warn] [pid 4856:tid 516] AH00098: pid file D:/Users/conor/Desktop/coplex/2d/end_2015_summer/apache/logs/httpd.pid overwritten -- Unclean shutdown of previous Apache run?
[Sat Jan 23 14:37:10.991550 2016] [ssl:warn] [pid 4856:tid 516] AH01909: www.example.com:4433:0 server certificate does NOT include an ID which matches the server name
[Sat Jan 23 14:37:11.014084 2016] [mpm_winnt:notice] [pid 4856:tid 516] AH00455: Apache/2.4.17 (Win32) OpenSSL/1.0.2d PHP/5.6.15 configured -- resuming normal operations
[Sat Jan 23 14:37:11.014084 2016] [mpm_winnt:notice] [pid 4856:tid 516] AH00456: Apache Lounge VC11 Server built: Oct 13 2015 10:54:13
[Sat Jan 23 14:37:11.014084 2016] [core:notice] [pid 4856:tid 516] AH00094: Command line: 'd:\\users\\conor\\desktop\\coplex\\2d\\end_2015_summer\\apache\\bin\\httpd.exe -d D:/Users/conor/Desktop/coplex/2d/end_2015_summer/apache'
[Sat Jan 23 14:37:11.015100 2016] [mpm_winnt:notice] [pid 4856:tid 516] AH00418: Parent: Created child process 13432
[Sat Jan 23 14:37:11.297629 2016] [ssl:warn] [pid 13432:tid 484] AH01909: www.example.com:4433:0 server certificate does NOT include an ID which matches the server name
[Sat Jan 23 14:37:11.391592 2016] [ssl:warn] [pid 13432:tid 484] AH01909: www.example.com:4433:0 server certificate does NOT include an ID which matches the server name
[Sat Jan 23 14:37:11.414129 2016] [mpm_winnt:notice] [pid 13432:tid 484] AH00354: Child: Starting 150 worker threads.
