2:28:49 AM  [main] 	Initializing Control Panel
2:28:49 AM  [main] 	Windows Version:  Pro  64-bit
2:28:49 AM  [main] 	XAMPP Version: 5.6.15
2:28:49 AM  [main] 	Control Panel Version: 3.2.2  [ Compiled: Nov 12th 2015 ]
2:28:49 AM  [main] 	Running with Administrator rights - good!
2:28:49 AM  [main] 	XAMPP Installation Directory: "d:\users\conor\desktop\coplex\2d\end_2015_summer\"
2:28:49 AM  [main] 	Checking for prerequisites
2:28:49 AM  [main] 	All prerequisites found
2:28:49 AM  [main] 	Initializing Modules
2:28:49 AM  [main] 	The MySQL module is disabled
2:28:49 AM  [main] 	The FileZilla module is disabled
2:28:49 AM  [main] 	The Mercury module is disabled
2:28:49 AM  [main] 	The Tomcat module is disabled
2:28:49 AM  [main] 	Starting Check-Timer
2:28:49 AM  [main] 	Control Panel Ready
2:29:00 AM  [main] 	Deinitializing Modules
2:29:00 AM  [main] 	Deinitializing Control Panel

2:29:20 AM  [main] 	Initializing Control Panel
2:29:20 AM  [main] 	Windows Version:  Pro  64-bit
2:29:20 AM  [main] 	XAMPP Version: 5.6.15
2:29:20 AM  [main] 	Control Panel Version: 3.2.2  [ Compiled: Nov 12th 2015 ]
2:29:20 AM  [main] 	Running with Administrator rights - good!
2:29:20 AM  [main] 	XAMPP Installation Directory: "d:\users\conor\desktop\coplex\2d\end_2015_summer\"
2:29:20 AM  [main] 	Checking for prerequisites
2:29:20 AM  [main] 	All prerequisites found
2:29:20 AM  [main] 	Initializing Modules
2:29:20 AM  [main] 	The MySQL module is disabled
2:29:20 AM  [main] 	The FileZilla module is disabled
2:29:20 AM  [main] 	The Mercury module is disabled
2:29:20 AM  [main] 	The Tomcat module is disabled
2:29:20 AM  [main] 	Starting Check-Timer
2:29:20 AM  [main] 	Control Panel Ready
2:29:22 AM  [Apache] 	Attempting to start Apache app...
2:29:22 AM  [Apache] 	Status change detected: running
2:30:33 AM  [Apache] 	Attempting to stop Apache (PID: 8540)
2:30:33 AM  [Apache] 	Attempting to stop Apache (PID: 928)
2:30:34 AM  [Apache] 	Status change detected: stopped
2:31:11 AM  [Apache] 	Attempting to start Apache app...
2:31:11 AM  [Apache] 	Status change detected: running
2:34:08 AM  [Apache] 	Attempting to stop Apache (PID: 10012)
2:34:08 AM  [Apache] 	Attempting to stop Apache (PID: 4924)
2:34:09 AM  [Apache] 	Status change detected: stopped
2:34:09 AM  [Apache] 	Attempting to start Apache app...
2:34:09 AM  [Apache] 	Status change detected: running
2:34:33 AM  [Apache] 	Attempting to stop Apache (PID: 5240)
2:34:33 AM  [Apache] 	Attempting to stop Apache (PID: 5644)
2:34:33 AM  [Apache] 	Status change detected: stopped
2:35:40 AM  [Apache] 	Attempting to start Apache app...
2:35:40 AM  [Apache] 	Status change detected: running
2:36:59 AM  [Apache] 	Attempting to stop Apache (PID: 5288)
2:36:59 AM  [Apache] 	Attempting to stop Apache (PID: 10184)
2:37:00 AM  [Apache] 	Status change detected: stopped
2:37:15 AM  [main] 	Deinitializing Modules
2:37:15 AM  [main] 	Deinitializing Control Panel

2:28:09 AM  [main] 	Initializing Control Panel
2:28:09 AM  [main] 	Windows Version:  Pro  64-bit
2:28:09 AM  [main] 	XAMPP Version: 5.6.15
2:28:09 AM  [main] 	Control Panel Version: 3.2.2  [ Compiled: Nov 12th 2015 ]
2:28:09 AM  [main] 	You are not running with administrator rights! This will work for
2:28:09 AM  [main] 	most application stuff but whenever you do something with services
2:28:09 AM  [main] 	there will be a security dialogue or things will break! So think 
2:28:09 AM  [main] 	about running this application with administrator rights!
2:28:09 AM  [main] 	XAMPP Installation Directory: "d:\users\conor\desktop\coplex\2d\end_2015_summer\"
2:28:09 AM  [main] 	Checking for prerequisites
2:28:09 AM  [main] 	All prerequisites found
2:28:09 AM  [main] 	Initializing Modules
2:28:09 AM  [main] 	The MySQL module is disabled
2:28:09 AM  [main] 	The FileZilla module is disabled
2:28:09 AM  [main] 	The Mercury module is disabled
2:28:09 AM  [main] 	The Tomcat module is disabled
2:28:09 AM  [main] 	Starting Check-Timer
2:28:09 AM  [main] 	Control Panel Ready
2:37:24 AM  [main] 	Deinitializing Modules
2:37:24 AM  [main] 	Deinitializing Control Panel

2:22:55 PM  [main] 	Initializing Control Panel
2:22:55 PM  [main] 	Windows Version:  Pro  64-bit
2:22:55 PM  [main] 	XAMPP Version: 5.6.15
2:22:55 PM  [main] 	Control Panel Version: 3.2.2  [ Compiled: Nov 12th 2015 ]
2:22:55 PM  [main] 	Running with Administrator rights - good!
2:22:55 PM  [main] 	XAMPP Installation Directory: "d:\users\conor\desktop\coplex\2d\end_2015_summer\"
2:22:55 PM  [main] 	Checking for prerequisites
2:22:55 PM  [main] 	All prerequisites found
2:22:55 PM  [main] 	Initializing Modules
2:22:55 PM  [main] 	The MySQL module is disabled
2:22:55 PM  [main] 	The FileZilla module is disabled
2:22:55 PM  [main] 	The Mercury module is disabled
2:22:55 PM  [main] 	The Tomcat module is disabled
2:22:55 PM  [main] 	Starting Check-Timer
2:22:55 PM  [main] 	Control Panel Ready
2:23:00 PM  [Apache] 	Attempting to start Apache app...
2:23:00 PM  [Apache] 	Status change detected: running
2:23:56 PM  [Apache] 	Attempting to stop Apache (PID: 5920)
2:23:56 PM  [Apache] 	Attempting to stop Apache (PID: 14088)
2:23:56 PM  [Apache] 	Status change detected: stopped
2:23:58 PM  [main] 	Deinitializing Modules
2:23:58 PM  [main] 	Deinitializing Control Panel

2:24:38 PM  [main] 	Initializing Control Panel
2:24:38 PM  [main] 	Windows Version:  Pro  64-bit
2:24:38 PM  [main] 	XAMPP Version: 5.6.15
2:24:38 PM  [main] 	Control Panel Version: 3.2.2  [ Compiled: Nov 12th 2015 ]
2:24:38 PM  [main] 	Running with Administrator rights - good!
2:24:38 PM  [main] 	XAMPP Installation Directory: "d:\users\conor\desktop\coplex\2d\end_2015_summer\"
2:24:38 PM  [main] 	Checking for prerequisites
2:24:39 PM  [main] 	All prerequisites found
2:24:39 PM  [main] 	Initializing Modules
2:24:39 PM  [main] 	The MySQL module is disabled
2:24:39 PM  [main] 	The FileZilla module is disabled
2:24:39 PM  [main] 	The Mercury module is disabled
2:24:39 PM  [main] 	The Tomcat module is disabled
2:24:39 PM  [main] 	Starting Check-Timer
2:24:39 PM  [main] 	Control Panel Ready
2:24:49 PM  [Apache] 	Attempting to start Apache app...
2:24:50 PM  [Apache] 	Status change detected: running
2:27:01 PM  [Apache] 	Attempting to stop Apache (PID: 5740)
2:27:01 PM  [Apache] 	Attempting to stop Apache (PID: 12380)
2:27:01 PM  [Apache] 	Status change detected: stopped
2:27:01 PM  [main] 	Deinitializing Modules
2:27:01 PM  [main] 	Deinitializing Control Panel

2:36:39 PM  [main] 	Initializing Control Panel
2:36:39 PM  [main] 	Windows Version:  Pro  64-bit
2:36:39 PM  [main] 	XAMPP Version: 5.6.15
2:36:39 PM  [main] 	Control Panel Version: 3.2.2  [ Compiled: Nov 12th 2015 ]
2:36:39 PM  [main] 	Running with Administrator rights - good!
2:36:39 PM  [main] 	XAMPP Installation Directory: "d:\users\conor\desktop\htmlgame\2d\end_2015_summer\"
2:36:39 PM  [main] 	Checking for prerequisites
2:36:40 PM  [main] 	All prerequisites found
2:36:40 PM  [main] 	Initializing Modules
2:36:40 PM  [main] 	The MySQL module is disabled
2:36:40 PM  [main] 	The FileZilla module is disabled
2:36:40 PM  [main] 	The Mercury module is disabled
2:36:40 PM  [main] 	The Tomcat module is disabled
2:36:40 PM  [main] 	Starting Check-Timer
2:36:40 PM  [main] 	Control Panel Ready
2:36:41 PM  [Apache] 	Attempting to start Apache app...
2:36:46 PM  [main] 	Deinitializing Modules
2:36:46 PM  [main] 	Deinitializing Control Panel

